<?xml version="1.0" encoding="UTF-8"?>
<testsuite xmlns:xsi="http://www.w3.org/2001/XMLSchema-instance" xsi:noNamespaceSchemaLocation="https://maven.apache.org/surefire/maven-surefire-plugin/xsd/surefire-test-report.xsd" name="testapi.CreateTest" time="4.145" tests="5" errors="0" skipped="0" failures="2">
  <properties>
[...]
</properties>
  <testcase name="testCreateValidAll" classname="testapi.CreateTest" time="2.671"/>
  <testcase name="testCreateFirstName50Char" classname="testapi.CreateTest" time="0.392">
    <failure message="Expected HTTP status code 200 &#10;{&#10;    &quot;id&quot;: (generated),&#10;    &quot;firstName&quot; : &quot;Christopher&quot;,&#10;    &quot;lastName&quot; : &quot;Fitzirewielliamshiretoningstonsmytheirtonhamshires&quot;,&#10;    &quot;email&quot;: &quot;crifitz@examples.com&quot;,&#10;    &quot;registerDate&quot; : (generated, now()),&#10;     &quot;updatedDate&quot; : (generated, now())&#10;}&#10;But was 400. Response Body: {&quot;error&quot;:&quot;BODY_NOT_VALID&quot;,&quot;data&quot;:{&quot;lastName&quot;:&quot;Path `lastName` (`Fitzirewielliamshiretoningstonsmytheirtonhamshires`) is longer than the maximum allowed length (30).&quot;}}" type="org.opentest4j.AssertionFailedError">org.opentest4j.AssertionFailedError: 
Expected HTTP status code 200 
{
    "id": (generated),
    "firstName" : "Christopher",
    "lastName" : "Fitzirewielliamshiretoningstonsmytheirtonhamshires",
    "email": "crifitz@examples.com",
    "registerDate" : (generated, now()),
     "updatedDate" : (generated, now())
}
But was 400. Response Body: {"error":"BODY_NOT_VALID","data":{"lastName":"Path `lastName` (`Fitzirewielliamshiretoningstonsmytheirtonhamshires`) is longer than the maximum allowed length (30)."}}
	at testapi.CreateTest.testCreateFirstName50Char(CreateTest.java:91)
</failure>
  </testcase>
  <testcase name="testCreateValidRequired" classname="testapi.CreateTest" time="0.365"/>
  <testcase name="testCreateWithNonExistAppID" classname="testapi.CreateTest" time="0.341"/>
  <testcase name="testCreateLocationStreetIs101Char" classname="testapi.CreateTest" time="0.367">
    <failure message="Expected HTTP status code 400&#10;{&#10;    &quot;error&quot;: &quot;BODY_NOT_VALID&quot;&#10;} &#10;But was 200. Response Body: {&quot;id&quot;:&quot;663737df906c3a58efc6d0b9&quot;,&quot;title&quot;:&quot;ms&quot;,&quot;firstName&quot;:&quot;Jiyeon&quot;,&quot;lastName&quot;:&quot;Kim&quot;,&quot;picture&quot;:&quot;https://example.com/jiyeonkim.jpg&quot;,&quot;gender&quot;:&quot;female&quot;,&quot;email&quot;:&quot;jiyeoniiiee.kim@examples.com&quot;,&quot;dateOfBirth&quot;:&quot;1990-06-12T00:00:00.000Z&quot;,&quot;phone&quot;:&quot;+82101234567&quot;,&quot;location&quot;:{&quot;street&quot;:&quot;123 Yeoksam-ro, Gangnam-gu, Gangnam-gu, Gangnam-gu, Gangnam-gu, 136 Gangnam-gu. 45 Yeoksam, Yeoksi-ro&quot;,&quot;city&quot;:&quot;Seoul&quot;,&quot;state&quot;:&quot;&quot;,&quot;country&quot;:&quot;South Korea&quot;,&quot;timezone&quot;:&quot;+09:00&quot;},&quot;registerDate&quot;:&quot;2024-05-05T07:40:15.970Z&quot;,&quot;updatedDate&quot;:&quot;2024-05-05T07:40:15.970Z&quot;}" type="org.opentest4j.AssertionFailedError">org.opentest4j.AssertionFailedError: 
Expected HTTP status code 400
{
    "error": "BODY_NOT_VALID"
} 
But was 200. Response Body: {"id":"663737df906c3a58efc6d0b9","title":"ms","firstName":"Jiyeon","lastName":"Kim","picture":"https://example.com/jiyeonkim.jpg","gender":"female","email":"jiyeoniiiee.kim@examples.com","dateOfBirth":"1990-06-12T00:00:00.000Z","phone":"+82101234567","location":{"street":"123 Yeoksam-ro, Gangnam-gu, Gangnam-gu, Gangnam-gu, Gangnam-gu, 136 Gangnam-gu. 45 Yeoksam, Yeoksi-ro","city":"Seoul","state":"","country":"South Korea","timezone":"+09:00"},"registerDate":"2024-05-05T07:40:15.970Z","updatedDate":"2024-05-05T07:40:15.970Z"}
	at testapi.CreateTest.testCreateLocationStreetIs101Char(CreateTest.java:208)
</failure>
  </testcase>
</testsuite>