<?xml version="1.0" encoding="UTF-8"?>
<testsuite xmlns:xsi="http://www.w3.org/2001/XMLSchema-instance" xsi:noNamespaceSchemaLocation="https://maven.apache.org/surefire/maven-surefire-plugin/xsd/surefire-test-report.xsd" name="testapi.UpdateTest" time="5.163" tests="5" errors="0" skipped="0" failures="2">
  <properties>
[...]
</properties>
  <testcase name="testUpdateAll" classname="testapi.UpdateTest" time="2.502"/>
  <testcase name="testUpdateEmail" classname="testapi.UpdateTest" time="1.011"/>
  <testcase name="testUpdateTitle" classname="testapi.UpdateTest" time="0.454"/>
  <testcase name="testUpdateGender" classname="testapi.UpdateTest" time="0.728">
    <failure message="expected: &lt;&gt; but was: &lt;male&gt;" type="org.opentest4j.AssertionFailedError"><![CDATA[org.opentest4j.AssertionFailedError: expected: <> but was: <male>
	at testapi.UpdateTest.testUpdateGender(UpdateTest.java:128)
]]></failure>
  </testcase>
  <testcase name="testUpdateNotExistedId" classname="testapi.UpdateTest" time="0.453">
    <failure message="expected: &lt;404&gt; but was: &lt;400&gt;" type="org.opentest4j.AssertionFailedError"><![CDATA[org.opentest4j.AssertionFailedError: expected: <404> but was: <400>
	at testapi.UpdateTest.testUpdateNotExistedId(UpdateTest.java:175)
]]></failure>
  </testcase>
</testsuite>